<component name="libraryTable">
  <library name="junit-4.9b4">
    <CLASSES>
      <root url="jar://E:/junit-4.9b4.jar!/" />
    </CLASSES>
    <JAVADOC />
    <SOURCES />
  </library>
</component>